\BOOKMARK [1][-]{section.1}{Introduction}{}% 1
\BOOKMARK [2][-]{subsection.1.1}{Purpose}{section.1}% 2
\BOOKMARK [2][-]{subsection.1.2}{Scope}{section.1}% 3
\BOOKMARK [2][-]{subsection.1.3}{Summary}{section.1}% 4
\BOOKMARK [1][-]{section.2}{References}{}% 5
\BOOKMARK [1][-]{section.3}{Glossary}{}% 6
\BOOKMARK [1][-]{section.4}{Timeline}{}% 7
\BOOKMARK [1][-]{section.5}{AWS Cloudwatch}{}% 8
\BOOKMARK [2][-]{subsection.5.1}{Context}{section.5}% 9
\BOOKMARK [2][-]{subsection.5.2}{Viewpoint: Users}{section.5}% 10
\BOOKMARK [2][-]{subsection.5.3}{Viewpoint: Scalability}{section.5}% 11
\BOOKMARK [2][-]{subsection.5.4}{Implementation}{section.5}% 12
\BOOKMARK [1][-]{section.6}{Database Security}{}% 13
\BOOKMARK [2][-]{subsection.6.1}{Context}{section.6}% 14
\BOOKMARK [2][-]{subsection.6.2}{Viewpoint: Users}{section.6}% 15
\BOOKMARK [2][-]{subsection.6.3}{Adminstrators}{section.6}% 16
\BOOKMARK [2][-]{subsection.6.4}{Implementation}{section.6}% 17
\BOOKMARK [1][-]{section.7}{User Interaction}{}% 18
\BOOKMARK [2][-]{subsection.7.1}{Context}{section.7}% 19
\BOOKMARK [2][-]{subsection.7.2}{Viewpoint: Data analyzers}{section.7}% 20
\BOOKMARK [2][-]{subsection.7.3}{Viewpoint: Administrators}{section.7}% 21
\BOOKMARK [2][-]{subsection.7.4}{Implementation}{section.7}% 22
\BOOKMARK [1][-]{section.8}{S3}{}% 23
\BOOKMARK [2][-]{subsection.8.1}{Context}{section.8}% 24
\BOOKMARK [2][-]{subsection.8.2}{Composition}{section.8}% 25
\BOOKMARK [2][-]{subsection.8.3}{Interaction}{section.8}% 26
\BOOKMARK [2][-]{subsection.8.4}{Algorithm}{section.8}% 27
\BOOKMARK [1][-]{section.9}{Amazon Kinesis}{}% 28
\BOOKMARK [2][-]{subsection.9.1}{Context}{section.9}% 29
\BOOKMARK [2][-]{subsection.9.2}{Composition}{section.9}% 30
\BOOKMARK [2][-]{subsection.9.3}{Dependency}{section.9}% 31
\BOOKMARK [2][-]{subsection.9.4}{Interaction}{section.9}% 32
\BOOKMARK [2][-]{subsection.9.5}{Algorithm}{section.9}% 33
\BOOKMARK [1][-]{section.10}{Data Pipeline}{}% 34
\BOOKMARK [2][-]{subsection.10.1}{Context}{section.10}% 35
\BOOKMARK [2][-]{subsection.10.2}{Composition}{section.10}% 36
\BOOKMARK [2][-]{subsection.10.3}{Dependency}{section.10}% 37
\BOOKMARK [2][-]{subsection.10.4}{Structure}{section.10}% 38
\BOOKMARK [2][-]{subsection.10.5}{Interaction}{section.10}% 39
\BOOKMARK [2][-]{subsection.10.6}{ Algorithm}{section.10}% 40
\BOOKMARK [1][-]{section.11}{DynamoDB}{}% 41
\BOOKMARK [2][-]{subsection.11.1}{Overview}{section.11}% 42
\BOOKMARK [2][-]{subsection.11.2}{Information viewpoint}{section.11}% 43
\BOOKMARK [2][-]{subsection.11.3}{Algorithm viewpoint}{section.11}% 44
\BOOKMARK [1][-]{section.12}{Quicksight}{}% 45
\BOOKMARK [2][-]{subsection.12.1}{Overview}{section.12}% 46
\BOOKMARK [2][-]{subsection.12.2}{Information viewpoint}{section.12}% 47
